# JRE version: OpenJDK Runtime Environment (8.0_151-b12) (build 1.8.0_151-8u151-b12-0ubuntu0.16.04.2-b12)
# Java VM: OpenJDK 64-Bit Server VM (25.151-b12 mixed mode linux-amd64 compressed oops)
Heap:
 PSYoungGen      total 36352K, used 16629K [0x00000000d7200000, 0x00000000da180000, 0x0000000100000000)
  eden space 31232K, 45% used [0x00000000d7200000,0x00000000d7fd5f10,0x00000000d9080000)
  from space 5120K, 48% used [0x00000000d9100000,0x00000000d9367850,0x00000000d9600000)
  to   space 8704K, 0% used [0x00000000d9900000,0x00000000d9900000,0x00000000da180000)
 ParOldGen       total 84992K, used 8395K [0x0000000085600000, 0x000000008a900000, 0x00000000d7200000)
  object space 84992K, 9% used [0x0000000085600000,0x0000000085e32f30,0x000000008a900000)
 Metaspace       used 15100K, capacity 15336K, committed 15744K, reserved 1062912K
  class space    used 1732K, capacity 1817K, committed 1920K, reserved 1048576K
GC Heap History (10 events):
Event: 12,203 GC heap before
{Heap before GC invocations=1 (full 0):
 PSYoungGen      total 36864K, used 31390K [0x00000000d7200000, 0x00000000d9b00000, 0x0000000100000000)
  eden space 31744K, 98% used [0x00000000d7200000,0x00000000d90a7958,0x00000000d9100000)
  from space 5120K, 0% used [0x00000000d9600000,0x00000000d9600000,0x00000000d9b00000)
  to   space 5120K, 0% used [0x00000000d9100000,0x00000000d9100000,0x00000000d9600000)
 ParOldGen       total 84992K, used 0K [0x0000000085600000, 0x000000008a900000, 0x00000000d7200000)
  object space 84992K, 0% used [0x0000000085600000,0x0000000085600000,0x000000008a900000)
 Metaspace       used 14781K, capacity 15000K, committed 15232K, reserved 1062912K
  class space    used 1728K, capacity 1817K, committed 1920K, reserved 1048576K
Event: 12,209 GC heap after
Heap after GC invocations=1 (full 0):
 PSYoungGen      total 36864K, used 4908K [0x00000000d7200000, 0x00000000d9b00000, 0x0000000100000000)
  eden space 31744K, 0% used [0x00000000d7200000,0x00000000d7200000,0x00000000d9100000)
  from space 5120K, 95% used [0x00000000d9100000,0x00000000d95cb2a0,0x00000000d9600000)
  to   space 5120K, 0% used [0x00000000d9600000,0x00000000d9600000,0x00000000d9b00000)
 ParOldGen       total 84992K, used 16K [0x0000000085600000, 0x000000008a900000, 0x00000000d7200000)
  object space 84992K, 0% used [0x0000000085600000,0x0000000085604000,0x000000008a900000)
 Metaspace       used 14781K, capacity 15000K, committed 15232K, reserved 1062912K
  class space    used 1728K, capacity 1817K, committed 1920K, reserved 1048576K
}
Event: 20,199 GC heap before
{Heap before GC invocations=2 (full 0):
 PSYoungGen      total 36864K, used 36652K [0x00000000d7200000, 0x00000000d9b00000, 0x0000000100000000)
  eden space 31744K, 100% used [0x00000000d7200000,0x00000000d9100000,0x00000000d9100000)
  from space 5120K, 95% used [0x00000000d9100000,0x00000000d95cb2a0,0x00000000d9600000)
  to   space 5120K, 0% used [0x00000000d9600000,0x00000000d9600000,0x00000000d9b00000)
 ParOldGen       total 84992K, used 16K [0x0000000085600000, 0x000000008a900000, 0x00000000d7200000)
  object space 84992K, 0% used [0x0000000085600000,0x0000000085604000,0x000000008a900000)
 Metaspace       used 14920K, capacity 15128K, committed 15488K, reserved 1062912K
  class space    used 1730K, capacity 1817K, committed 1920K, reserved 1048576K
Event: 20,216 GC heap after
Heap after GC invocations=2 (full 0):
 PSYoungGen      total 36864K, used 4449K [0x00000000d7200000, 0x00000000d9b00000, 0x0000000100000000)
  eden space 31744K, 0% used [0x00000000d7200000,0x00000000d7200000,0x00000000d9100000)
  from space 5120K, 86% used [0x00000000d9600000,0x00000000d9a586f8,0x00000000d9b00000)
  to   space 5120K, 0% used [0x00000000d9100000,0x00000000d9100000,0x00000000d9600000)
 ParOldGen       total 84992K, used 24K [0x0000000085600000, 0x000000008a900000, 0x00000000d7200000)
  object space 84992K, 0% used [0x0000000085600000,0x0000000085606000,0x000000008a900000)
 Metaspace       used 14920K, capacity 15128K, committed 15488K, reserved 1062912K
  class space    used 1730K, capacity 1817K, committed 1920K, reserved 1048576K
}
Event: 29,237 GC heap before
{Heap before GC invocations=3 (full 0):
 PSYoungGen      total 36864K, used 36193K [0x00000000d7200000, 0x00000000d9b00000, 0x0000000100000000)
  eden space 31744K, 100% used [0x00000000d7200000,0x00000000d9100000,0x00000000d9100000)
  from space 5120K, 86% used [0x00000000d9600000,0x00000000d9a586f8,0x00000000d9b00000)
  to   space 5120K, 0% used [0x00000000d9100000,0x00000000d9100000,0x00000000d9600000)
 ParOldGen       total 84992K, used 24K [0x0000000085600000, 0x000000008a900000, 0x00000000d7200000)
  object space 84992K, 0% used [0x0000000085600000,0x0000000085606000,0x000000008a900000)
 Metaspace       used 14967K, capacity 15196K, committed 15488K, reserved 1062912K
  class space    used 1730K, capacity 1817K, committed 1920K, reserved 1048576K
Event: 29,244 GC heap after
Heap after GC invocations=3 (full 0):
 PSYoungGen      total 36864K, used 5103K [0x00000000d7200000, 0x00000000d9b00000, 0x0000000100000000)
  eden space 31744K, 0% used [0x00000000d7200000,0x00000000d7200000,0x00000000d9100000)
  from space 5120K, 99% used [0x00000000d9100000,0x00000000d95fbfa8,0x00000000d9600000)
  to   space 5120K, 0% used [0x00000000d9600000,0x00000000d9600000,0x00000000d9b00000)
 ParOldGen       total 84992K, used 2902K [0x0000000085600000, 0x000000008a900000, 0x00000000d7200000)
  object space 84992K, 3% used [0x0000000085600000,0x00000000858d59d0,0x000000008a900000)
 Metaspace       used 14967K, capacity 15196K, committed 15488K, reserved 1062912K
  class space    used 1730K, capacity 1817K, committed 1920K, reserved 1048576K
}
Event: 34,681 GC heap before
{Heap before GC invocations=4 (full 0):
 PSYoungGen      total 36864K, used 36638K [0x00000000d7200000, 0x00000000d9b00000, 0x0000000100000000)
  eden space 31744K, 99% used [0x00000000d7200000,0x00000000d90cb918,0x00000000d9100000)
  from space 5120K, 99% used [0x00000000d9100000,0x00000000d95fbfa8,0x00000000d9600000)
  to   space 5120K, 0% used [0x00000000d9600000,0x00000000d9600000,0x00000000d9b00000)
 ParOldGen       total 84992K, used 4102K [0x0000000085600000, 0x000000008a900000, 0x00000000d7200000)
  object space 84992K, 4% used [0x0000000085600000,0x0000000085a019e0,0x000000008a900000)
 Metaspace       used 15019K, capacity 15204K, committed 15488K, reserved 1062912K
  class space    used 1730K, capacity 1817K, committed 1920K, reserved 1048576K
Event: 34,689 GC heap after
Heap after GC invocations=4 (full 0):
 PSYoungGen      total 36864K, used 3944K [0x00000000d7200000, 0x00000000d9b00000, 0x0000000100000000)
  eden space 31744K, 0% used [0x00000000d7200000,0x00000000d7200000,0x00000000d9100000)
  from space 5120K, 77% used [0x00000000d9600000,0x00000000d99da050,0x00000000d9b00000)
  to   space 5120K, 0% used [0x00000000d9100000,0x00000000d9100000,0x00000000d9600000)
 ParOldGen       total 84992K, used 4110K [0x0000000085600000, 0x000000008a900000, 0x00000000d7200000)
  object space 84992K, 4% used [0x0000000085600000,0x0000000085a039e0,0x000000008a900000)
 Metaspace       used 15019K, capacity 15204K, committed 15488K, reserved 1062912K
  class space    used 1730K, capacity 1817K, committed 1920K, reserved 1048576K
}
Event: 40,242 GC heap before
{Heap before GC invocations=5 (full 0):
 PSYoungGen      total 36864K, used 35688K [0x00000000d7200000, 0x00000000d9b00000, 0x0000000100000000)
  eden space 31744K, 100% used [0x00000000d7200000,0x00000000d9100000,0x00000000d9100000)
  from space 5120K, 77% used [0x00000000d9600000,0x00000000d99da050,0x00000000d9b00000)
  to   space 5120K, 0% used [0x00000000d9100000,0x00000000d9100000,0x00000000d9600000)
 ParOldGen       total 84992K, used 8387K [0x0000000085600000, 0x000000008a900000, 0x00000000d7200000)
  object space 84992K, 9% used [0x0000000085600000,0x0000000085e30f30,0x000000008a900000)
 Metaspace       used 15075K, capacity 15272K, committed 15488K, reserved 1062912K
  class space    used 1730K, capacity 1817K, committed 1920K, reserved 1048576K
Event: 40,254 GC heap after
Heap after GC invocations=5 (full 0):
 PSYoungGen      total 36352K, used 2462K [0x00000000d7200000, 0x00000000da180000, 0x0000000100000000)
  eden space 31232K, 0% used [0x00000000d7200000,0x00000000d7200000,0x00000000d9080000)
  from space 5120K, 48% used [0x00000000d9100000,0x00000000d9367850,0x00000000d9600000)
  to   space 8704K, 0% used [0x00000000d9900000,0x00000000d9900000,0x00000000da180000)
 ParOldGen       total 84992K, used 8395K [0x0000000085600000, 0x000000008a900000, 0x00000000d7200000)
  object space 84992K, 9% used [0x0000000085600000,0x0000000085e32f30,0x000000008a900000)
 Metaspace       used 15075K, capacity 15272K, committed 15488K, reserved 1062912K
  class space    used 1730K, capacity 1817K, committed 1920K, reserved 1048576K
}

